<?xml version="1.0" encoding="UTF-8"?>
<!-- Generated by org.testng.reporters.JUnitXMLReporter -->
<testsuite ignored="0" hostname="DESKTOP-73VT5SL" failures="0" tests="4" name="Default test" time="314.879" errors="0" timestamp="2023-09-20T16:13:55 IST">
  <testcase classname="smoke_Suite.ALC_4360" name="run4360data" time="46.33"/>
  <testcase classname="smoke_Suite.ALC_4360" name="alchemySteps" time="31.241"/>
  <testcase classname="smoke_Suite.ALC_4360" name="appSteps" time="91.968"/>
  <testcase classname="smoke_Suite.ALC_4360" name="disablebonus" time="118.752"/>
</testsuite> <!-- Default test -->
