<?xml version="1.0" encoding="UTF-8"?>
<!-- Generated by org.testng.reporters.JUnitXMLReporter -->
<testsuite ignored="0" hostname="DESKTOP-73VT5SL" failures="0" tests="4" name="Default test" time="550.485" errors="0" timestamp="2023-09-22T12:55:05 IST">
  <testcase classname="smoke_Suite.ALC_4360" name="run4360data" time="62.951"/>
  <testcase classname="smoke_Suite.ALC_4360" name="alchemySteps" time="162.689"/>
  <testcase classname="smoke_Suite.ALC_4360" name="appSteps" time="131.863"/>
  <testcase classname="smoke_Suite.ALC_4360" name="disablebonus" time="151.635"/>
</testsuite> <!-- Default test -->
